<?xml version="1.0" encoding="UTF-8"?>
<!-- Generated by org.testng.reporters.JUnitReportReporter -->
<testsuite hostname="DESKTOP-SNQHT06" failures="0" tests="1" name="magentoProject.LoginTest" time="14.528" errors="0" timestamp="2024-07-08T23:45:37 IST" skipped="0">
  <testcase classname="magentoProject.LoginTest" name="testLogin" time="14.528"/>
</testsuite> <!-- magentoProject.LoginTest -->
